Parameters used to ran experiment exp1_ins10_none_mae
experiment started at 08/12/2025, 13:31
{
'task':'ad_shms'
'available_seeds':'[123, 777, 555, 10331, 7575]'
'cae_Sw_nVals':'20'
'cae_Sw_lim':'10'
'maxGen':'2'
'popSize':'100'
'prob_mutAct':'0.5'
'prob_addConn':'0.5'
'prob_addNode':'0.5'
'prob_enable':'0.05'
'save_mod':'10'
'cma_initSigma':'1'
'cma_maxGen':'200'
'cma_input_arch':''
'cma_output_path':''
'cma_out_prefix':''
'experiment_path':'experiments/shms/shms_s35_diff/'
'nn_input_size':'10'
'nn_output_size':'4'
'nn_initAct':'5'
'nn_ActFunc':'[1, 2, 3, 4, 5, 6, 7, 8, 9]'
'data_path':'dataset/shms_data/s35_20Hz_evolution_set.csv'
'task_type':'multi_classification'
'ENAS_type':'aDetection'
'opt_direction':'minimize'
'max_nWeights':'1000'
'batch_size':'6000'
'window_size':'10'
'select_tournSize':'32'
'target_size':'['normal', 'missing', 'square', 'saturated']'
'output_filter':'none'
'mut_new_conns':'0'
'save_mod_adjw':'100'
'n_workers':'5'
'n_slaves':'4'
'gpus':'[]'
'gpu_mem':'4000'
'seed':'123'
'nn_loss_function':'mae'
'filename':'exp1_ins10_none_mae'
'exp_print':'exp1_ins10_none_mae -> input size 10 filter none-mae and seed: 123'
}